\BOOKMARK [1][-]{section.1}{\376\377\000D\000e\000s\000c\000r\000i\000p\000c\000i\000\363\000n\000\040\000G\000e\000n\000e\000r\000a\000l}{}% 1
\BOOKMARK [1][-]{section.2}{\376\377\000O\000b\000j\000e\000t\000i\000v\000o\000s\000\040\000d\000e\000\040\000l\000a\000\040\000E\000v\000a\000l\000u\000a\000c\000i\000\363\000n}{}% 2
\BOOKMARK [2][-]{subsection.2.1}{\376\377\000O\000b\000j\000e\000t\000i\000v\000o\000s\000\040\000P\000r\000i\000n\000c\000i\000p\000a\000l\000e\000s}{section.2}% 3
\BOOKMARK [1][-]{section.3}{\376\377\000C\000o\000m\000p\000o\000n\000e\000n\000t\000e\000s\000\040\000d\000e\000\040\000l\000a\000\040\000E\000v\000a\000l\000u\000a\000c\000i\000\363\000n}{}% 4
\BOOKMARK [2][-]{subsection.3.1}{\376\377\000D\000i\000s\000t\000r\000i\000b\000u\000c\000i\000\363\000n\000\040\000d\000e\000\040\000P\000o\000n\000d\000e\000r\000a\000c\000i\000o\000n\000e\000s}{section.3}% 5
\BOOKMARK [1][-]{section.4}{\376\377\000R\000e\000q\000u\000i\000s\000i\000t\000o\000s\000\040\000M\000\355\000n\000i\000m\000o\000s\000\040\000p\000o\000r\000\040\000C\000o\000m\000p\000o\000n\000e\000n\000t\000e}{}% 6
\BOOKMARK [2][-]{subsection.4.1}{\376\377\000A\000.\000\040\000I\000n\000f\000o\000r\000m\000e\000\040\000T\000\351\000c\000n\000i\000c\000o\000\040\000\050\0004\0000\000\045\000\051}{section.4}% 7
\BOOKMARK [3][-]{subsubsection.4.1.1}{\376\377\000E\000s\000t\000r\000u\000c\000t\000u\000r\000a\000\040\000d\000e\000l\000\040\000I\000n\000f\000o\000r\000m\000e}{subsection.4.1}% 8
\BOOKMARK [2][-]{subsection.4.2}{\376\377\000B\000.\000\040\000P\000r\000e\000s\000e\000n\000t\000a\000c\000i\000\363\000n\000\040\000O\000r\000a\000l\000\040\000\050\0002\0005\000\045\000\051}{section.4}% 9
\BOOKMARK [3][-]{subsubsection.4.2.1}{\376\377\000E\000s\000t\000r\000u\000c\000t\000u\000r\000a\000\040\000d\000e\000\040\000l\000a\000\040\000P\000r\000e\000s\000e\000n\000t\000a\000c\000i\000\363\000n}{subsection.4.2}% 10
\BOOKMARK [2][-]{subsection.4.3}{\376\377\000C\000.\000\040\000C\000\363\000d\000i\000g\000o\000\040\000y\000\040\000R\000e\000p\000r\000o\000d\000u\000c\000i\000b\000i\000l\000i\000d\000a\000d\000\040\000\050\0002\0000\000\045\000\051}{section.4}% 11
\BOOKMARK [3][-]{subsubsection.4.3.1}{\376\377\000R\000e\000q\000u\000i\000s\000i\000t\000o\000s\000\040\000d\000e\000\040\000C\000\363\000d\000i\000g\000o}{subsection.4.3}% 12
\BOOKMARK [2][-]{subsection.4.4}{\376\377\000D\000.\000\040\000V\000i\000s\000u\000a\000l\000i\000z\000a\000c\000i\000o\000n\000e\000s\000\040\000\050\0001\0000\000\045\000\051}{section.4}% 13
\BOOKMARK [3][-]{subsubsection.4.4.1}{\376\377\000R\000e\000q\000u\000i\000s\000i\000t\000o\000s\000\040\000M\000\355\000n\000i\000m\000o\000s\000\040\000d\000e\000\040\000V\000i\000s\000u\000a\000l\000i\000z\000a\000c\000i\000\363\000n}{subsection.4.4}% 14
\BOOKMARK [1][-]{section.5}{\376\377\000C\000h\000e\000c\000k\000l\000i\000s\000t\000\040\000d\000e\000\040\000E\000n\000t\000r\000e\000g\000a\000b\000l\000e\000s}{}% 15
\BOOKMARK [2][-]{subsection.5.1}{\376\377\000C\000h\000e\000c\000k\000l\000i\000s\000t\000\040\000C\000o\000m\000p\000l\000e\000t\000o}{section.5}% 16
\BOOKMARK [1][-]{section.6}{\376\377\000R\000\372\000b\000r\000i\000c\000a\000\040\000d\000e\000\040\000E\000v\000a\000l\000u\000a\000c\000i\000\363\000n\000\040\000D\000e\000t\000a\000l\000l\000a\000d\000a}{}% 17
\BOOKMARK [2][-]{subsection.6.1}{\376\377\000N\000i\000v\000e\000l\000e\000s\000\040\000d\000e\000\040\000D\000e\000s\000e\000m\000p\000e\000\361\000o}{section.6}% 18
\BOOKMARK [1][-]{section.7}{\376\377\000E\000j\000e\000m\000p\000l\000o\000s\000\040\000d\000e\000\040\000P\000r\000o\000y\000e\000c\000t\000o\000s\000\040\000E\000x\000i\000t\000o\000s\000o\000s}{}% 19
\BOOKMARK [2][-]{subsection.7.1}{\376\377\000C\000a\000r\000a\000c\000t\000e\000r\000\355\000s\000t\000i\000c\000a\000s\000\040\000d\000e\000\040\000P\000r\000o\000y\000e\000c\000t\000o\000s\000\040\000D\000e\000s\000t\000a\000c\000a\000d\000o\000s}{section.7}% 20
\BOOKMARK [1][-]{section.8}{\376\377\000R\000e\000c\000u\000r\000s\000o\000s\000\040\000d\000e\000\040\000A\000p\000o\000y\000o}{}% 21
\BOOKMARK [2][-]{subsection.8.1}{\376\377\000H\000e\000r\000r\000a\000m\000i\000e\000n\000t\000a\000s\000\040\000R\000e\000c\000o\000m\000e\000n\000d\000a\000d\000a\000s}{section.8}% 22
\BOOKMARK [2][-]{subsection.8.2}{\376\377\000P\000l\000a\000n\000t\000i\000l\000l\000a\000s\000\040\000D\000i\000s\000p\000o\000n\000i\000b\000l\000e\000s}{section.8}% 23
\BOOKMARK [1][-]{section.9}{\376\377\000F\000e\000c\000h\000a\000s\000\040\000I\000m\000p\000o\000r\000t\000a\000n\000t\000e\000s}{}% 24
\BOOKMARK [1][-]{section.10}{\376\377\000C\000r\000i\000t\000e\000r\000i\000o\000s\000\040\000d\000e\000\040\000P\000e\000n\000a\000l\000i\000z\000a\000c\000i\000\363\000n}{}% 25
\BOOKMARK [1][-]{section.11}{\376\377\000P\000r\000e\000g\000u\000n\000t\000a\000s\000\040\000F\000r\000e\000c\000u\000e\000n\000t\000e\000s}{}% 26
\BOOKMARK [2][-]{subsection.11.1}{\376\377\000\277\000Q\000u\000\351\000\040\000p\000a\000s\000a\000\040\000s\000i\000\040\000n\000u\000e\000s\000t\000r\000o\000s\000\040\000d\000a\000t\000o\000s\000\040\000a\000\372\000n\000\040\000n\000o\000\040\000e\000s\000t\000\341\000n\000\040\000c\000o\000m\000p\000l\000e\000t\000o\000s\000?}{section.11}% 27
\BOOKMARK [2][-]{subsection.11.2}{\376\377\000\277\000P\000o\000d\000e\000m\000o\000s\000\040\000c\000a\000m\000b\000i\000a\000r\000\040\000e\000l\000\040\000e\000n\000f\000o\000q\000u\000e\000\040\000d\000e\000l\000\040\000p\000r\000o\000y\000e\000c\000t\000o\000?}{section.11}% 28
\BOOKMARK [2][-]{subsection.11.3}{\376\377\000\277\000Q\000u\000\351\000\040\000n\000i\000v\000e\000l\000\040\000d\000e\000\040\000a\000n\000\341\000l\000i\000s\000i\000s\000\040\000e\000s\000p\000a\000c\000i\000a\000l\000\040\000s\000e\000\040\000e\000s\000p\000e\000r\000a\000?}{section.11}% 29
\BOOKMARK [2][-]{subsection.11.4}{\376\377\000\277\000E\000l\000\040\000c\000\363\000d\000i\000g\000o\000\040\000d\000e\000b\000e\000\040\000e\000s\000t\000a\000r\000\040\0001\0000\0000\000\045\000\040\000t\000e\000r\000m\000i\000n\000a\000d\000o\000?}{section.11}% 30
\BOOKMARK [1][-]{section.12}{\376\377\000C\000o\000n\000t\000a\000c\000t\000o\000\040\000y\000\040\000C\000o\000n\000s\000u\000l\000t\000a\000s}{}% 31
